<?xml version="1.0" encoding="UTF-8"?>
<beans xmlns="http://www.springframework.org/schema/beans"
	xmlns:xsi="http://www.w3.org/2001/XMLSchema-instance"
	xmlns:aop="http://www.springframework.org/schema/aop"
	xmlns:tx="http://www.springframework.org/schema/tx"
	xmlns:context="http://www.springframework.org/schema/context"
	xsi:schemaLocation="http://www.springframework.org/schema/beans http://www.springframework.org/schema/beans/spring-beans.xsd
		http://www.springframework.org/schema/context http://www.springframework.org/schema/context/spring-context-3.1.xsd
		http://www.springframework.org/schema/aop http://www.springframework.org/schema/aop/spring-aop-3.1.xsd
		http://www.springframework.org/schema/tx http://www.springframework.org/schema/tx/spring-tx-3.1.xsd">
	
	<bean id="testUserService" class="com.bit.springbook.user.service.UserServiceTest$TestUserService" parent="userService"/>
	
	<!-- 타켓 -->
	<bean id="userService" class="com.bit.springbook.user.service.UserServiceImpl">
		<property name="userDao" ref="userDao"/>
		<property name="mailSender" ref="mailSender"/>
	</bean>
	
	<bean id="userDao" class="com.bit.springbook.user.dao.UserDaoJdbc">
		<property name="dataSource" ref="dataSource"/>
		<property name="sqlService" ref="sqlService"/>
	</bean>
	
	<bean id="sqlService" class="com.bit.springbook.user.sqlService.OxmSqlService">
		<property name="unmarshaller" ref="unmarshaller"/>
		<property name="sqlRegistry" ref="sqlRegistry"/>
	</bean>
	
	<bean id="unmarshaller" class="org.springframework.oxm.jaxb.Jaxb2Marshaller">
		<property name="contextPath" value="com.bit.springbook.user.sqlService.jaxb"/>
	</bean>
	
	<bean id="sqlReader" class="com.bit.springbook.user.sqlService.JaxbXmlSqlReader">
		<property name="sqlmapFile" value="sqlmap.xml"></property>
	</bean>
	
	<bean id="sqlRegistry" class="com.bit.springbook.user.sqlService.updatable.ConcurrentHashMapSqlRegistry"/>
	
	<bean id="dataSource" class="org.springframework.jdbc.datasource.SimpleDriverDataSource">
		<property name="driverClass" value="com.mysql.cj.jdbc.Driver"/>
		<property name="url" value="jdbc:mysql://localhost/testdb?&amp;useSSL=false&amp;serverTimezone=UTC&amp;allowPublicKeyRetrieval=true"/>
		<property name="username" value="spring"/>
		<property name="password" value="book"/>
	</bean>
	
	<!-- aop -->
	<tx:annotation-driven />
	<context:annotation-config/>

	<bean id="transactionManager" class="org.springframework.jdbc.datasource.DataSourceTransactionManager">
		<property name="dataSource" ref="dataSource"/>
	</bean>
	<bean id="mailSender" class="com.bit.springbook.user.service.DummyMailSender"/>
	
</beans>
