<?xml version="1.0" encoding="UTF-8"?>
<beans xmlns="http://www.springframework.org/schema/beans"
	xmlns:xsi="http://www.w3.org/2001/XMLSchema-instance"
	xmlns:aop="http://www.springframework.org/schema/aop"
	xmlns:tx="http://www.springframework.org/schema/tx"
	xsi:schemaLocation="http://www.springframework.org/schema/beans http://www.springframework.org/schema/beans/spring-beans.xsd
		http://www.springframework.org/schema/aop http://www.springframework.org/schema/aop/spring-aop-3.1.xsd
		http://www.springframework.org/schema/tx http://www.springframework.org/schema/tx/spring-tx-3.1.xsd">
	
	<bean class="org.springframework.aop.framework.autoproxy.DefaultAdvisorAutoProxyCreator"/>
	
	<bean id="transactionPointcut" class="org.springframework.aop.aspectj.AspectJExpressionPointcut">
		<property name="expression" value="execution(* *..*ServiceImpl.upgrade*(..))"/>
	</bean>
	
	<bean id="testUserService" class="com.bit.springbook.user.service.UserServiceTest$TestUserServiceImpl" parent="userService"/>
	
	<bean id="transactionAdvisor" class="org.springframework.aop.support.DefaultPointcutAdvisor">
		<property name="advice" ref="transactionAdvice"/>
		<property name="pointcut" ref="transactionPointcut"/>
	</bean>
	
	<!-- 타켓 -->
	<bean id="userService" class="com.bit.springbook.user.service.UserServiceImpl">
		<property name="userDao" ref="userDao"/>
		<property name="mailSender" ref="mailSender"/>
	</bean>
	
	<bean id="userDao" class="com.bit.springbook.user.dao.UserDaoJdbc">
		<property name="dataSource" ref="dataSource"/>
	</bean>
	
	<bean id="dataSource" class="org.springframework.jdbc.datasource.SimpleDriverDataSource">
		<property name="driverClass" value="com.mysql.cj.jdbc.Driver"/>
		<property name="url" value="jdbc:mysql://localhost/testdb?&amp;useSSL=false&amp;serverTimezone=UTC&amp;allowPublicKeyRetrieval=true"/>
		<property name="username" value="spring"/>
		<property name="password" value="book"/>
	</bean>
	
	<!--aop -->
	<aop:config>
		<aop:pointcut expression="execution(* *..*ServiceImpl.upgrade*(..))" id="transactionPointcut"/>
		<aop:advisor advice-ref="transactionAdvice" pointcut-ref="transactionPointcut"/>
	</aop:config>
	
	<tx:advice id="transactionAdvice" transaction-manager="transactionManager">
		<tx:attributes>
			<tx:method name="get*" propagation="REQUIRED" read-only="true" timeout="30"/>
			<tx:method name="upgrade*" propagation="REQUIRES_NEW" isolation="SERIALIZABLE"/>
			<tx:method name="*" propagation="REQUIRED"/>
		</tx:attributes>
	</tx:advice>
	
	<bean id="transactionManager" class="org.springframework.jdbc.datasource.DataSourceTransactionManager">
		<property name="dataSource" ref="dataSource"/>
	</bean>
	<bean id="mailSender" class="com.bit.springbook.user.service.DummyMailSender"/>
	
</beans>
